<?xml version="1.0" encoding="UTF-8"?>
<!-- Generated by org.testng.reporters.JUnitReportReporter -->
<testsuite skipped="0" hostname="LAPTOP-NN0EOSGE" name="com.scrolltest.api.tests.TestGETPerson" tests="1" failures="0" timestamp="07 May 2021 18:42:22 GMT" time="2.782" errors="0">
  <testcase name="testgetAllperson" time="2.782" classname="com.scrolltest.api.tests.TestGETPerson"/>
</testsuite> <!-- com.scrolltest.api.tests.TestGETPerson -->
