<?xml version="1.0" encoding="UTF-8"?>
<!-- Generated by org.testng.reporters.JUnitReportReporter -->
<testsuite skipped="0" hostname="LAPTOP-NN0EOSGE" name="com.scrolltest.api.tests.TestDELETPerson" tests="1" failures="0" timestamp="07 May 2021 18:42:22 GMT" time="0.243" errors="0">
  <testcase name="testpostcreateperson" time="0.243" classname="com.scrolltest.api.tests.TestDELETPerson"/>
</testsuite> <!-- com.scrolltest.api.tests.TestDELETPerson -->
