<?xml version="1.0" encoding="UTF-8"?>
<!-- Generated by org.testng.reporters.JUnitReportReporter -->
<testsuite skipped="0" hostname="LAPTOP-NN0EOSGE" name="com.scrolltest.api.tests.TestPOSTPerson" tests="1" failures="0" timestamp="03 May 2021 04:10:33 GMT" time="0.103" errors="0">
  <testcase name="testpostcreateperson" time="0.103" classname="com.scrolltest.api.tests.TestPOSTPerson"/>
</testsuite> <!-- com.scrolltest.api.tests.TestPOSTPerson -->
