<?xml version="1.0" encoding="UTF-8"?>
<!-- Generated by org.testng.reporters.JUnitReportReporter -->
<testsuite skipped="0" hostname="LAPTOP-NN0EOSGE" name="RestAssured.Demo4_Delete_Request" tests="1" failures="0" timestamp="05 Jul 2020 13:13:35 GMT" time="2.066" errors="0">
  <testcase name="testput" time="2.066" classname="RestAssured.Demo4_Delete_Request"/>
</testsuite> <!-- RestAssured.Demo4_Delete_Request -->
